nov 17, 2018 6:53:44 PM org.apache.catalina.startup.VersionLoggerListener log
INFO: Server version:        Apache Tomcat (TomEE)/7.0.81 (1.7.5)
nov 17, 2018 6:53:44 PM org.apache.catalina.startup.VersionLoggerListener log
INFO: Server built:          Aug 11 2017 10:21:27 UTC
nov 17, 2018 6:53:44 PM org.apache.catalina.startup.VersionLoggerListener log
INFO: Server number:         7.0.81.0
nov 17, 2018 6:53:44 PM org.apache.catalina.startup.VersionLoggerListener log
INFO: OS Name:               Windows 10
nov 17, 2018 6:53:44 PM org.apache.catalina.startup.VersionLoggerListener log
INFO: OS Version:            10.0
nov 17, 2018 6:53:44 PM org.apache.catalina.startup.VersionLoggerListener log
INFO: Architecture:          amd64
nov 17, 2018 6:53:44 PM org.apache.catalina.startup.VersionLoggerListener log
INFO: Java Home:             C:\Program Files\Java\jdk1.8.0_191\jre
nov 17, 2018 6:53:44 PM org.apache.catalina.startup.VersionLoggerListener log
INFO: JVM Version:           1.8.0_191-b12
nov 17, 2018 6:53:44 PM org.apache.catalina.startup.VersionLoggerListener log
INFO: JVM Vendor:            Oracle Corporation
nov 17, 2018 6:53:44 PM org.apache.catalina.startup.VersionLoggerListener log
INFO: CATALINA_BASE:         C:\openSAP\address-manager\application\target\apache-tomee
nov 17, 2018 6:53:44 PM org.apache.catalina.startup.VersionLoggerListener log
INFO: CATALINA_HOME:         C:\openSAP\address-manager\application\target\apache-tomee
nov 17, 2018 6:53:44 PM org.apache.catalina.startup.VersionLoggerListener log
INFO: Command line argument: -XX:+HeapDumpOnOutOfMemoryError
nov 17, 2018 6:53:44 PM org.apache.catalina.startup.VersionLoggerListener log
INFO: Command line argument: -Dorg.apache.catalina.STRICT_SERVLET_COMPLIANCE=false
nov 17, 2018 6:53:44 PM org.apache.catalina.startup.VersionLoggerListener log
INFO: Command line argument: -Dopenejb.session.manager=org.apache.tomee.catalina.session.QuickSessionManager
nov 17, 2018 6:53:44 PM org.apache.catalina.startup.VersionLoggerListener log
INFO: Command line argument: -Dtomee.remote.support=true
nov 17, 2018 6:53:44 PM org.apache.catalina.startup.VersionLoggerListener log
INFO: Command line argument: -Dopenejb.system.apps=false
nov 17, 2018 6:53:44 PM org.apache.catalina.startup.VersionLoggerListener log
INFO: Command line argument: -Djava.util.logging.config.file=C:\openSAP\address-manager\application\target\apache-tomee\conf\logging.properties
nov 17, 2018 6:53:44 PM org.apache.catalina.startup.VersionLoggerListener log
INFO: Command line argument: -javaagent:C:\openSAP\address-manager\application\target\apache-tomee\lib\openejb-javaagent.jar
nov 17, 2018 6:53:44 PM org.apache.catalina.startup.VersionLoggerListener log
INFO: Command line argument: -Djava.util.logging.manager=org.apache.juli.ClassLoaderLogManager
nov 17, 2018 6:53:44 PM org.apache.catalina.startup.VersionLoggerListener log
INFO: Command line argument: -Djava.io.tmpdir=C:\openSAP\address-manager\application\target\apache-tomee\temp
nov 17, 2018 6:53:44 PM org.apache.catalina.startup.VersionLoggerListener log
INFO: Command line argument: -Djava.endorsed.dirs=C:\openSAP\address-manager\application\target\apache-tomee\endorsed
nov 17, 2018 6:53:44 PM org.apache.catalina.startup.VersionLoggerListener log
INFO: Command line argument: -Dcatalina.base=C:\openSAP\address-manager\application\target\apache-tomee
nov 17, 2018 6:53:44 PM org.apache.catalina.startup.VersionLoggerListener log
INFO: Command line argument: -Dcatalina.home=C:\openSAP\address-manager\application\target\apache-tomee
nov 17, 2018 6:53:44 PM org.apache.catalina.startup.VersionLoggerListener log
INFO: Command line argument: -Dcatalina.ext.dirs=C:\openSAP\address-manager\application\target\apache-tomee\lib
nov 17, 2018 6:53:44 PM org.apache.catalina.startup.VersionLoggerListener log
INFO: Command line argument: -Dorg.apache.tomcat.util.http.ServerCookie.ALLOW_HTTP_SEPARATORS_IN_V0=true
nov 17, 2018 6:53:44 PM org.apache.catalina.startup.VersionLoggerListener log
INFO: Command line argument: -ea
nov 17, 2018 6:53:44 PM org.apache.catalina.core.AprLifecycleListener lifecycleEvent
INFO: The APR based Apache Tomcat Native library which allows optimal performance in production environments was not found on the java.library.path: C:\Program Files\Java\jdk1.8.0_191\jre\bin;C:\WINDOWS\Sun\Java\bin;C:\WINDOWS\system32;C:\WINDOWS;C:\Program Files (x86)\Common Files\Oracle\Java\javapath;C:\ProgramData\Oracle\Java\javapath;C:\Program Files (x86)\Intel\iCLS Client\;C:\Program Files\Intel\iCLS Client\;C:\WINDOWS\system32;C:\WINDOWS;C:\WINDOWS\System32\Wbem;C:\WINDOWS\System32\WindowsPowerShell\v1.0\;C:\Program Files (x86)\Intel\Intel(R) Management Engine Components\DAL;C:\Program Files\Intel\Intel(R) Management Engine Components\DAL;C:\Program Files (x86)\Intel\Intel(R) Management Engine Components\IPT;C:\Program Files\Intel\Intel(R) Management Engine Components\IPT;C:\WINDOWS\System32\OpenSSH\;C:\Program Files (x86)\Webex\Webex\Applications;C:\Program Files (x86)\Box\Box Edit\;C:\Program Files\nodejs\;C:\Program Files\Intel\WiFi\bin\;C:\Program Files\Common Files\Intel\WirelessCommon\;C:\ProgramData\chocolatey\bin;C:\Program Files\Java\jdk1.8.0_191\bin;C:\Program Files\Cloud Foundry;C:\Program Files\Git\cmd;C:\Users\NESTORJAVIERPIERINI\AppData\Local\Microsoft\WindowsApps;C:\Users\NESTORJAVIERPIERINI\AppData\Roaming\npm;.
nov 17, 2018 6:53:45 PM org.apache.coyote.AbstractProtocol init
INFO: Initializing ProtocolHandler ["http-bio-8080"]
nov 17, 2018 6:53:45 PM org.apache.coyote.AbstractProtocol init
INFO: Initializing ProtocolHandler ["ajp-bio-8009"]
nov 17, 2018 6:53:45 PM org.apache.openejb.util.OptionsLog info
INFO: Using 'tomee.remote.support=true'
nov 17, 2018 6:53:45 PM org.apache.openejb.util.OptionsLog info
INFO: Using 'openejb.jdbc.datasource-creator=org.apache.tomee.jdbc.TomEEDataSourceCreator'
nov 17, 2018 6:53:46 PM org.apache.openejb.OpenEJB$Instance <init>
INFO: ********************************************************************************
nov 17, 2018 6:53:46 PM org.apache.openejb.OpenEJB$Instance <init>
INFO: OpenEJB http://tomee.apache.org/
nov 17, 2018 6:53:46 PM org.apache.openejb.OpenEJB$Instance <init>
INFO: Startup: Sat Nov 17 18:53:45 ART 2018
nov 17, 2018 6:53:46 PM org.apache.openejb.OpenEJB$Instance <init>
INFO: Copyright 1999-2015 (C) Apache OpenEJB/TomEE Project, All Rights Reserved.
nov 17, 2018 6:53:46 PM org.apache.openejb.OpenEJB$Instance <init>
INFO: Version: 4.7.5
nov 17, 2018 6:53:46 PM org.apache.openejb.OpenEJB$Instance <init>
INFO: Build date: 20170927
nov 17, 2018 6:53:46 PM org.apache.openejb.OpenEJB$Instance <init>
INFO: Build time: 12:02
nov 17, 2018 6:53:46 PM org.apache.openejb.OpenEJB$Instance <init>
INFO: ********************************************************************************
nov 17, 2018 6:53:46 PM org.apache.openejb.OpenEJB$Instance <init>
INFO: openejb.home = C:\openSAP\address-manager\application\target\apache-tomee
nov 17, 2018 6:53:46 PM org.apache.openejb.OpenEJB$Instance <init>
INFO: openejb.base = C:\openSAP\address-manager\application\target\apache-tomee
nov 17, 2018 6:53:46 PM org.apache.openejb.cdi.CdiBuilder initializeOWB
INFO: Created new singletonService org.apache.openejb.cdi.ThreadSingletonServiceImpl@60438a68
nov 17, 2018 6:53:46 PM org.apache.openejb.cdi.CdiBuilder initializeOWB
INFO: Succeeded in installing singleton service
nov 17, 2018 6:53:46 PM org.apache.openejb.config.ConfigurationFactory init
INFO: openejb configuration file is 'C:\openSAP\address-manager\application\target\apache-tomee\conf\tomee.xml'
nov 17, 2018 6:53:46 PM org.apache.openejb.config.ConfigurationFactory configureService
INFO: Configuring Service(id=Tomcat Security Service, type=SecurityService, provider-id=Tomcat Security Service)
nov 17, 2018 6:53:46 PM org.apache.openejb.config.ConfigurationFactory configureService
INFO: Configuring Service(id=Default Transaction Manager, type=TransactionManager, provider-id=Default Transaction Manager)
nov 17, 2018 6:53:46 PM org.apache.openejb.util.OptionsLog info
INFO: Using 'openejb.system.apps=false'
nov 17, 2018 6:53:46 PM org.apache.openejb.util.OptionsLog info
INFO: Using 'openejb.deployments.classpath=false'
nov 17, 2018 6:53:46 PM org.apache.openejb.assembler.classic.Assembler createRecipe
INFO: Creating TransactionManager(id=Default Transaction Manager)
nov 17, 2018 6:53:46 PM org.apache.openejb.assembler.classic.Assembler createRecipe
INFO: Creating SecurityService(id=Tomcat Security Service)
nov 17, 2018 6:53:46 PM org.apache.openejb.server.ServiceManager initServer
INFO: Creating ServerService(id=cxf-rs)
nov 17, 2018 6:53:46 PM org.apache.openejb.server.SimpleServiceManager start
INFO:   ** Bound Services **
nov 17, 2018 6:53:46 PM org.apache.openejb.server.SimpleServiceManager printRow
INFO:   NAME                 IP              PORT  
nov 17, 2018 6:53:46 PM org.apache.openejb.server.SimpleServiceManager start
INFO: -------
nov 17, 2018 6:53:46 PM org.apache.openejb.server.SimpleServiceManager start
INFO: Ready!
nov 17, 2018 6:53:46 PM org.apache.catalina.startup.Catalina load
INFO: Initialization processed in 2658 ms
nov 17, 2018 6:53:46 PM org.apache.tomee.catalina.OpenEJBNamingContextListener bindResource
INFO: Importing a Tomcat Resource with id 'UserDatabase' of type 'org.apache.catalina.UserDatabase'.
nov 17, 2018 6:53:46 PM org.apache.openejb.assembler.classic.Assembler createRecipe
INFO: Creating Resource(id=UserDatabase)
nov 17, 2018 6:53:46 PM org.apache.catalina.core.StandardService startInternal
INFO: Starting service Catalina
nov 17, 2018 6:53:46 PM org.apache.catalina.core.StandardEngine startInternal
INFO: Starting Servlet Engine: Apache Tomcat (TomEE)/7.0.81 (1.7.5)
nov 17, 2018 6:53:46 PM org.apache.catalina.startup.HostConfig deployWAR
INFO: Deploying web application archive C:\openSAP\address-manager\application\target\apache-tomee\webapps\ROOT.war
nov 17, 2018 6:53:46 PM org.apache.tomee.catalina.TomcatWebAppBuilder init
INFO: ------------------------- localhost -> /
nov 17, 2018 6:53:46 PM org.apache.openejb.util.JarExtractor extract
INFO: Extracting jar: C:\openSAP\address-manager\application\target\apache-tomee\webapps\ROOT.war
nov 17, 2018 6:53:49 PM org.apache.openejb.util.JarExtractor extract
INFO: Extracted path: C:\openSAP\address-manager\application\target\apache-tomee\webapps\ROOT
nov 17, 2018 6:53:49 PM org.apache.openejb.util.OptionsLog info
INFO: Using 'openejb.session.manager=org.apache.tomee.catalina.session.QuickSessionManager'
nov 17, 2018 6:53:52 PM org.apache.openejb.config.ConfigurationFactory configureApplication
INFO: Configuring enterprise application: C:\openSAP\address-manager\application\target\apache-tomee\webapps\ROOT
nov 17, 2018 6:53:52 PM org.apache.openejb.config.ConfigurationFactory configureService
INFO: Configuring Service(id=Default Managed Container, type=Container, provider-id=Default Managed Container)
nov 17, 2018 6:53:52 PM org.apache.openejb.config.AutoConfig createContainer
INFO: Auto-creating a container for bean .Comp590459092: Container(type=MANAGED, id=Default Managed Container)
nov 17, 2018 6:53:52 PM org.apache.openejb.assembler.classic.Assembler createRecipe
INFO: Creating Container(id=Default Managed Container)
nov 17, 2018 6:53:52 PM org.apache.openejb.core.managed.SimplePassivater init
INFO: Using directory C:\openSAP\address-manager\application\target\apache-tomee\temp for stateful session passivation
nov 17, 2018 6:53:52 PM org.apache.openejb.config.AppInfoBuilder build
INFO: Enterprise application "C:\openSAP\address-manager\application\target\apache-tomee\webapps\ROOT" loaded.
nov 17, 2018 6:53:53 PM org.apache.openejb.assembler.classic.Assembler createApplication
INFO: Assembling app: C:\openSAP\address-manager\application\target\apache-tomee\webapps\ROOT
nov 17, 2018 6:53:53 PM org.apache.openejb.cdi.CdiBuilder initSingleton
INFO: Existing thread singleton service in SystemInstance(): org.apache.openejb.cdi.ThreadSingletonServiceImpl@60438a68
nov 17, 2018 6:53:53 PM org.apache.openejb.cdi.OpenEJBLifecycle startApplication
INFO: OpenWebBeans Container is starting...
nov 17, 2018 6:53:53 PM org.apache.webbeans.plugins.PluginLoader startUp
INFO: Adding OpenWebBeansPlugin : [CdiPlugin]
nov 17, 2018 6:53:53 PM org.apache.webbeans.plugins.PluginLoader startUp
INFO: Adding OpenWebBeansPlugin : [OpenWebBeansJsfPlugin]
nov 17, 2018 6:53:58 PM org.apache.webbeans.config.BeansDeployer deploySingleAnnotatedType
INFO: Skipping deployment of Class class com.sap.cloud.sdk.cloudplatform.auditlog.ScpCfAuditLogdue to a NoClassDefFoundError: com/sap/xs/audit/api/exception/AuditLogNotAvailableException
nov 17, 2018 6:54:02 PM org.apache.webbeans.config.BeansDeployer validateInjectionPoints
INFO: All injection points were validated successfully.
nov 17, 2018 6:54:02 PM org.apache.openejb.cdi.OpenEJBLifecycle startApplication
INFO: OpenWebBeans Container has started, it took 9393 ms.
nov 17, 2018 6:54:02 PM org.apache.openejb.assembler.classic.Assembler createApplication
INFO: Deployed Application(path=C:\openSAP\address-manager\application\target\apache-tomee\webapps\ROOT)
nov 17, 2018 6:54:04 PM org.apache.catalina.startup.HostConfig deployWAR
INFO: Deployment of web application archive C:\openSAP\address-manager\application\target\apache-tomee\webapps\ROOT.war has finished in 17,537 ms
nov 17, 2018 6:54:04 PM org.apache.coyote.AbstractProtocol start
INFO: Starting ProtocolHandler ["http-bio-8080"]
nov 17, 2018 6:54:04 PM org.apache.coyote.AbstractProtocol start
INFO: Starting ProtocolHandler ["ajp-bio-8009"]
nov 17, 2018 6:54:04 PM org.apache.catalina.startup.Catalina start
INFO: Server startup in 17746 ms
